[debug] [2023-02-27T01:07:52.623Z] ----------------------------------------------------------------------
[debug] [2023-02-27T01:07:52.625Z] Command:       C:\Program Files\nodejs\node.exe C:\Users\ybour\AppData\Roaming\npm\node_modules\firebase-tools\lib\bin\firebase.js deploy
[debug] [2023-02-27T01:07:52.626Z] CLI Version:   11.24.0
[debug] [2023-02-27T01:07:52.626Z] Platform:      win32
[debug] [2023-02-27T01:07:52.626Z] Node Version:  v19.7.0
[debug] [2023-02-27T01:07:52.626Z] Time:          Sun Feb 26 2023 20:07:52 GMT-0500 (Eastern Standard Time)
[debug] [2023-02-27T01:07:52.626Z] ----------------------------------------------------------------------
[debug] 
[debug] [2023-02-27T01:07:52.683Z] > command requires scopes: ["email","openid","https://www.googleapis.com/auth/cloudplatformprojects.readonly","https://www.googleapis.com/auth/firebase","https://www.googleapis.com/auth/cloud-platform"]
[debug] [2023-02-27T01:07:52.684Z] > authorizing via signed-in user (ybourouphael@gmail.com)
[debug] [2023-02-27T01:07:52.684Z] [iam] checking project whatsyoursocial-bc1f4 for permissions ["cloudfunctions.functions.create","cloudfunctions.functions.delete","cloudfunctions.functions.get","cloudfunctions.functions.list","cloudfunctions.functions.update","cloudfunctions.operations.get","firebase.projects.get","firebasehosting.sites.update"]
[debug] [2023-02-27T01:07:52.685Z] > refreshing access token with scopes: []
[debug] [2023-02-27T01:07:52.687Z] >>> [apiv2][query] POST https://www.googleapis.com/oauth2/v3/token [none]
[debug] [2023-02-27T01:07:52.687Z] >>> [apiv2][body] POST https://www.googleapis.com/oauth2/v3/token [omitted]
[debug] [2023-02-27T01:07:52.937Z] <<< [apiv2][status] POST https://www.googleapis.com/oauth2/v3/token 200
[debug] [2023-02-27T01:07:52.937Z] <<< [apiv2][body] POST https://www.googleapis.com/oauth2/v3/token [omitted]
[debug] [2023-02-27T01:07:52.948Z] >>> [apiv2][query] POST https://cloudresourcemanager.googleapis.com/v1/projects/whatsyoursocial-bc1f4:testIamPermissions [none]
[debug] [2023-02-27T01:07:52.948Z] >>> [apiv2][(partial)header] POST https://cloudresourcemanager.googleapis.com/v1/projects/whatsyoursocial-bc1f4:testIamPermissions x-goog-quota-user=projects/whatsyoursocial-bc1f4
[debug] [2023-02-27T01:07:52.948Z] >>> [apiv2][body] POST https://cloudresourcemanager.googleapis.com/v1/projects/whatsyoursocial-bc1f4:testIamPermissions {"permissions":["cloudfunctions.functions.create","cloudfunctions.functions.delete","cloudfunctions.functions.get","cloudfunctions.functions.list","cloudfunctions.functions.update","cloudfunctions.operations.get","firebase.projects.get","firebasehosting.sites.update"]}
[debug] [2023-02-27T01:07:53.218Z] <<< [apiv2][status] POST https://cloudresourcemanager.googleapis.com/v1/projects/whatsyoursocial-bc1f4:testIamPermissions 200
[debug] [2023-02-27T01:07:53.218Z] <<< [apiv2][body] POST https://cloudresourcemanager.googleapis.com/v1/projects/whatsyoursocial-bc1f4:testIamPermissions {"permissions":["cloudfunctions.functions.create","cloudfunctions.functions.delete","cloudfunctions.functions.get","cloudfunctions.functions.list","cloudfunctions.functions.update","cloudfunctions.operations.get","firebase.projects.get","firebasehosting.sites.update"]}
[debug] [2023-02-27T01:07:53.218Z] >>> [apiv2][query] POST https://iam.googleapis.com/v1/projects/whatsyoursocial-bc1f4/serviceAccounts/whatsyoursocial-bc1f4@appspot.gserviceaccount.com:testIamPermissions [none]
[debug] [2023-02-27T01:07:53.218Z] >>> [apiv2][body] POST https://iam.googleapis.com/v1/projects/whatsyoursocial-bc1f4/serviceAccounts/whatsyoursocial-bc1f4@appspot.gserviceaccount.com:testIamPermissions {"permissions":["iam.serviceAccounts.actAs"]}
[debug] [2023-02-27T01:07:53.423Z] <<< [apiv2][status] POST https://iam.googleapis.com/v1/projects/whatsyoursocial-bc1f4/serviceAccounts/whatsyoursocial-bc1f4@appspot.gserviceaccount.com:testIamPermissions 200
[debug] [2023-02-27T01:07:53.424Z] <<< [apiv2][body] POST https://iam.googleapis.com/v1/projects/whatsyoursocial-bc1f4/serviceAccounts/whatsyoursocial-bc1f4@appspot.gserviceaccount.com:testIamPermissions {"permissions":["iam.serviceAccounts.actAs"]}
[debug] [2023-02-27T01:07:53.424Z] >>> [apiv2][query] GET https://firebase.googleapis.com/v1beta1/projects/whatsyoursocial-bc1f4 [none]
[debug] [2023-02-27T01:07:53.806Z] <<< [apiv2][status] GET https://firebase.googleapis.com/v1beta1/projects/whatsyoursocial-bc1f4 200
[debug] [2023-02-27T01:07:53.806Z] <<< [apiv2][body] GET https://firebase.googleapis.com/v1beta1/projects/whatsyoursocial-bc1f4 {"projectId":"whatsyoursocial-bc1f4","projectNumber":"934105139680","displayName":"WhatsYourSocial","name":"projects/whatsyoursocial-bc1f4","resources":{"hostingSite":"whatsyoursocial-bc1f4","realtimeDatabaseInstance":"whatsyoursocial-bc1f4-default-rtdb"},"state":"ACTIVE","etag":"1_0ce83736-6a4f-49c0-b57a-b1038f6307f9"}
[info] 
[info] === Deploying to 'whatsyoursocial-bc1f4'...
[info] 
[info] i  deploying functions, hosting 
[debug] [2023-02-27T01:07:53.809Z] >>> [apiv2][query] GET https://firebase.googleapis.com/v1beta1/projects/whatsyoursocial-bc1f4 [none]
[debug] [2023-02-27T01:07:54.045Z] <<< [apiv2][status] GET https://firebase.googleapis.com/v1beta1/projects/whatsyoursocial-bc1f4 200
[debug] [2023-02-27T01:07:54.045Z] <<< [apiv2][body] GET https://firebase.googleapis.com/v1beta1/projects/whatsyoursocial-bc1f4 {"projectId":"whatsyoursocial-bc1f4","projectNumber":"934105139680","displayName":"WhatsYourSocial","name":"projects/whatsyoursocial-bc1f4","resources":{"hostingSite":"whatsyoursocial-bc1f4","realtimeDatabaseInstance":"whatsyoursocial-bc1f4-default-rtdb"},"state":"ACTIVE","etag":"1_0ce83736-6a4f-49c0-b57a-b1038f6307f9"}
[info] i  functions: preparing codebase default for deployment 
[info] i  functions: ensuring required API cloudfunctions.googleapis.com is enabled... 
[info] i  functions: ensuring required API cloudbuild.googleapis.com is enabled... 
[info] i  artifactregistry: ensuring required API artifactregistry.googleapis.com is enabled... 
[debug] [2023-02-27T01:07:54.048Z] >>> [apiv2][query] GET https://serviceusage.googleapis.com/v1/projects/whatsyoursocial-bc1f4/services/cloudfunctions.googleapis.com [none]
[debug] [2023-02-27T01:07:54.048Z] >>> [apiv2][(partial)header] GET https://serviceusage.googleapis.com/v1/projects/whatsyoursocial-bc1f4/services/cloudfunctions.googleapis.com x-goog-quota-user=projects/whatsyoursocial-bc1f4
[debug] [2023-02-27T01:07:54.050Z] >>> [apiv2][query] GET https://serviceusage.googleapis.com/v1/projects/whatsyoursocial-bc1f4/services/runtimeconfig.googleapis.com [none]
[debug] [2023-02-27T01:07:54.050Z] >>> [apiv2][(partial)header] GET https://serviceusage.googleapis.com/v1/projects/whatsyoursocial-bc1f4/services/runtimeconfig.googleapis.com x-goog-quota-user=projects/whatsyoursocial-bc1f4
[debug] [2023-02-27T01:07:54.051Z] >>> [apiv2][query] GET https://serviceusage.googleapis.com/v1/projects/whatsyoursocial-bc1f4/services/cloudbuild.googleapis.com [none]
[debug] [2023-02-27T01:07:54.051Z] >>> [apiv2][(partial)header] GET https://serviceusage.googleapis.com/v1/projects/whatsyoursocial-bc1f4/services/cloudbuild.googleapis.com x-goog-quota-user=projects/whatsyoursocial-bc1f4
[debug] [2023-02-27T01:07:54.052Z] >>> [apiv2][query] GET https://serviceusage.googleapis.com/v1/projects/whatsyoursocial-bc1f4/services/artifactregistry.googleapis.com [none]
[debug] [2023-02-27T01:07:54.052Z] >>> [apiv2][(partial)header] GET https://serviceusage.googleapis.com/v1/projects/whatsyoursocial-bc1f4/services/artifactregistry.googleapis.com x-goog-quota-user=projects/whatsyoursocial-bc1f4
[debug] [2023-02-27T01:07:54.475Z] <<< [apiv2][status] GET https://serviceusage.googleapis.com/v1/projects/whatsyoursocial-bc1f4/services/runtimeconfig.googleapis.com 200
[debug] [2023-02-27T01:07:54.475Z] <<< [apiv2][body] GET https://serviceusage.googleapis.com/v1/projects/whatsyoursocial-bc1f4/services/runtimeconfig.googleapis.com [omitted]
[debug] [2023-02-27T01:07:54.479Z] <<< [apiv2][status] GET https://serviceusage.googleapis.com/v1/projects/whatsyoursocial-bc1f4/services/artifactregistry.googleapis.com 200
[debug] [2023-02-27T01:07:54.479Z] <<< [apiv2][body] GET https://serviceusage.googleapis.com/v1/projects/whatsyoursocial-bc1f4/services/artifactregistry.googleapis.com [omitted]
[info] +  artifactregistry: required API artifactregistry.googleapis.com is enabled 
[debug] [2023-02-27T01:07:54.481Z] <<< [apiv2][status] GET https://serviceusage.googleapis.com/v1/projects/whatsyoursocial-bc1f4/services/cloudbuild.googleapis.com 200
[debug] [2023-02-27T01:07:54.481Z] <<< [apiv2][body] GET https://serviceusage.googleapis.com/v1/projects/whatsyoursocial-bc1f4/services/cloudbuild.googleapis.com [omitted]
[info] +  functions: required API cloudbuild.googleapis.com is enabled 
[debug] [2023-02-27T01:07:54.497Z] <<< [apiv2][status] GET https://serviceusage.googleapis.com/v1/projects/whatsyoursocial-bc1f4/services/cloudfunctions.googleapis.com 200
[debug] [2023-02-27T01:07:54.497Z] <<< [apiv2][body] GET https://serviceusage.googleapis.com/v1/projects/whatsyoursocial-bc1f4/services/cloudfunctions.googleapis.com [omitted]
[info] +  functions: required API cloudfunctions.googleapis.com is enabled 
[debug] [2023-02-27T01:07:54.497Z] >>> [apiv2][query] GET https://firebase.googleapis.com/v1beta1/projects/whatsyoursocial-bc1f4/adminSdkConfig [none]
[debug] [2023-02-27T01:07:54.756Z] <<< [apiv2][status] GET https://firebase.googleapis.com/v1beta1/projects/whatsyoursocial-bc1f4/adminSdkConfig 200
[debug] [2023-02-27T01:07:54.756Z] <<< [apiv2][body] GET https://firebase.googleapis.com/v1beta1/projects/whatsyoursocial-bc1f4/adminSdkConfig {"projectId":"whatsyoursocial-bc1f4","databaseURL":"https://whatsyoursocial-bc1f4-default-rtdb.firebaseio.com","storageBucket":"whatsyoursocial-bc1f4.appspot.com"}
[debug] [2023-02-27T01:07:54.757Z] >>> [apiv2][query] GET https://runtimeconfig.googleapis.com/v1beta1/projects/whatsyoursocial-bc1f4/configs [none]
[debug] [2023-02-27T01:07:54.976Z] <<< [apiv2][status] GET https://runtimeconfig.googleapis.com/v1beta1/projects/whatsyoursocial-bc1f4/configs 200
[debug] [2023-02-27T01:07:54.976Z] <<< [apiv2][body] GET https://runtimeconfig.googleapis.com/v1beta1/projects/whatsyoursocial-bc1f4/configs {}
